-------------------------------------------------------------------------------
Test set: com.hibernate.dvdlibrary.DvdlibraryApplicationTests
-------------------------------------------------------------------------------
Tests run: 1, Failures: 0, Errors: 1, Skipped: 0, Time elapsed: 0.219 s <<< FAILURE! - in com.hibernate.dvdlibrary.DvdlibraryApplicationTests
com.hibernate.dvdlibrary.DvdlibraryApplicationTests  Time elapsed: 0.218 s  <<< ERROR!
java.lang.IllegalStateException: Unable to find a @SpringBootConfiguration, you need to use @ContextConfiguration or @SpringBootTest(classes=...) with your test

